<?xml version="1.0" encoding="UTF-8"?>
<!-- Generated by org.testng.reporters.JUnitReportReporter -->
<testsuite skipped="0" hostname="LT063445" name="com.cognizant.support.TestRunner" tests="3" failures="0" timestamp="20 Jun 2019 07:44:58 GMT" time="480.772" errors="1">
  <testcase name="afterSuite" time="4.264" classname="com.cognizant.support.TestRunner">
    <error type="java.lang.NoClassDefFoundError" message="com/sun/mail/util/MailLogger">
      <![CDATA[java.lang.NoClassDefFoundError: com/sun/mail/util/MailLogger
	at javax.mail.Session.initLogger(Session.java:230)
	at javax.mail.Session.<init>(Session.java:214)
	at javax.mail.Session.getInstance(Session.java:251)
	at org.apache.commons.mail.Email.getMailSession(Email.java:685)
	at org.apache.commons.mail.Email.buildMimeMessage(Email.java:1263)
	at org.apache.commons.mail.MultiPartEmail.buildMimeMessage(MultiPartEmail.java:258)
	at org.apache.commons.mail.HtmlEmail.buildMimeMessage(HtmlEmail.java:528)
	at org.apache.commons.mail.Email.send(Email.java:1422)
	at com.cognizant.report.SendMailSSLWithAttachment.sendReport(SendMailSSLWithAttachment.java:33)
	at com.cognizant.report.CreateHtmlResult.createHtmlResult(CreateHtmlResult.java:54)
	at com.cognizant.report.ResultGenerator.closeResult(ResultGenerator.java:164)
	at com.cognizant.support.TestRunner.afterSuite(TestRunner.java:87)
	at sun.reflect.NativeMethodAccessorImpl.invoke0(Native Method)
	at sun.reflect.NativeMethodAccessorImpl.invoke(Unknown Source)
	at sun.reflect.DelegatingMethodAccessorImpl.invoke(Unknown Source)
	at java.lang.reflect.Method.invoke(Unknown Source)
	at org.testng.internal.MethodInvocationHelper.invokeMethod(MethodInvocationHelper.java:108)
	at org.testng.internal.Invoker.invokeConfigurationMethod(Invoker.java:523)
	at org.testng.internal.Invoker.invokeConfigurations(Invoker.java:224)
	at org.testng.internal.Invoker.invokeConfigurations(Invoker.java:146)
	at org.testng.SuiteRunner.privateRun(SuiteRunner.java:350)
	at org.testng.SuiteRunner.run(SuiteRunner.java:289)
	at org.testng.SuiteRunnerWorker.runSuite(SuiteRunnerWorker.java:52)
	at org.testng.SuiteRunnerWorker.run(SuiteRunnerWorker.java:86)
	at org.testng.TestNG.runSuitesSequentially(TestNG.java:1301)
	at org.testng.TestNG.runSuitesLocally(TestNG.java:1226)
	at org.testng.TestNG.runSuites(TestNG.java:1144)
	at org.testng.TestNG.run(TestNG.java:1115)
	at com.cognizant.support.TestNGXMLGenerator.runTestNGXML(TestNGXMLGenerator.java:78)
	at com.cognizant.executor.SuiteRunner.main(SuiteRunner.java:45)
Caused by: java.lang.ClassNotFoundException: com.sun.mail.util.MailLogger
	at java.net.URLClassLoader.findClass(Unknown Source)
	at java.lang.ClassLoader.loadClass(Unknown Source)
	at sun.misc.Launcher$AppClassLoader.loadClass(Unknown Source)
	at java.lang.ClassLoader.loadClass(Unknown Source)
	... 30 more
]]>
    </error>
  </testcase> <!-- afterSuite -->
  <testcase name="test" time="304.754" classname="com.cognizant.support.TestRunner"/>
  <testcase name="test" time="171.754" classname="com.cognizant.support.TestRunner"/>
</testsuite> <!-- com.cognizant.support.TestRunner -->
